{"time": "2026-01-24 17:17:29.921846", "level": "CRITICAL", "message": "Failed to startup main program!", "filename": "main.py", "lineno": 115, "module": "main", "funcName": "main", "exc_text": "Traceback (most recent call last):\n  File \"C:\\Users\\felji\\PycharmProjects\\Umi-OCR\\main.py\", line 97, in main\n    initRuntimeEnvironment()\n  File \"C:\\Users\\felji\\PycharmProjects\\Umi-OCR\\main.py\", line 60, in initRuntimeEnvironment\n    os.addsitedir(path)\nAttributeError: module 'os' has no attribute 'addsitedir'", "stack_info": "Stack (most recent call last):\n  File \"C:\\Users\\felji\\PycharmProjects\\Umi-OCR\\main.py\", line 125, in <module>\n    main()\n  File \"C:\\Users\\felji\\PycharmProjects\\Umi-OCR\\main.py\", line 115, in main\n    logger.critical(", "thread": 85868, "threadName": "MainThread", "process": 95724, "processName": "MainProcess", "name": "Umi-OCR"}
{"time": "2026-01-24 17:20:39.534907", "level": "CRITICAL", "message": "Failed to startup main program!", "filename": "main.py", "lineno": 120, "module": "main", "funcName": "main", "exc_text": "Traceback (most recent call last):\n  File \"C:\\Users\\felji\\PycharmProjects\\Umi-OCR\\src\\imports\\umi_about.py\", line 64, in init\n    with open(\"about.json\", \"r\", encoding=\"utf-8\") as file:\nFileNotFoundError: [Errno 2] No such file or directory: 'about.json'\n\nDuring handling of the above exception, another exception occurred:\n\nTraceback (most recent call last):\n  File \"C:\\Users\\felji\\PycharmProjects\\Umi-OCR\\main.py\", line 110, in main\n    main(app_path=app_path, engineAddImportPath=\"\")\n  File \"C:\\Users\\felji\\PycharmProjects\\Umi-OCR\\src\\run.py\", line 170, in main\n    if not umi_about.init(app_path):  # 初始化版本信息，失败则结束运行\n  File \"C:\\Users\\felji\\PycharmProjects\\Umi-OCR\\src\\imports\\umi_about.py\", line 67, in init\n    os.MessageBox(f\"[Error] 无法读取配置 about.json 。\\n{e}\")\nAttributeError: module 'os' has no attribute 'MessageBox'", "stack_info": "Stack (most recent call last):\n  File \"C:\\Users\\felji\\PycharmProjects\\Umi-OCR\\main.py\", line 130, in <module>\n    main()\n  File \"C:\\Users\\felji\\PycharmProjects\\Umi-OCR\\main.py\", line 120, in main\n    logger.critical(", "thread": 220244, "threadName": "MainThread", "process": 105872, "processName": "MainProcess", "name": "Umi-OCR"}
{"time": "2026-01-24 17:20:39.534907", "level": "CRITICAL", "message": "Failed to startup main program!", "filename": "main.py", "lineno": 120, "module": "main", "funcName": "main", "exc_text": "Traceback (most recent call last):\n  File \"C:\\Users\\felji\\PycharmProjects\\Umi-OCR\\src\\imports\\umi_about.py\", line 64, in init\n    with open(\"about.json\", \"r\", encoding=\"utf-8\") as file:\nFileNotFoundError: [Errno 2] No such file or directory: 'about.json'\n\nDuring handling of the above exception, another exception occurred:\n\nTraceback (most recent call last):\n  File \"C:\\Users\\felji\\PycharmProjects\\Umi-OCR\\main.py\", line 110, in main\n    main(app_path=app_path, engineAddImportPath=\"\")\n  File \"C:\\Users\\felji\\PycharmProjects\\Umi-OCR\\src\\run.py\", line 170, in main\n    if not umi_about.init(app_path):  # 初始化版本信息，失败则结束运行\n  File \"C:\\Users\\felji\\PycharmProjects\\Umi-OCR\\src\\imports\\umi_about.py\", line 67, in init\n    os.MessageBox(f\"[Error] 无法读取配置 about.json 。\\n{e}\")\nAttributeError: module 'os' has no attribute 'MessageBox'", "stack_info": "Stack (most recent call last):\n  File \"C:\\Users\\felji\\PycharmProjects\\Umi-OCR\\main.py\", line 130, in <module>\n    main()\n  File \"C:\\Users\\felji\\PycharmProjects\\Umi-OCR\\main.py\", line 120, in main\n    logger.critical(", "thread": 220244, "threadName": "MainThread", "process": 105872, "processName": "MainProcess", "name": "Umi-OCR"}
{"time": "2026-01-24 17:22:37.132252", "level": "CRITICAL", "message": "Failed to startup main program!", "filename": "main.py", "lineno": 120, "module": "main", "funcName": "main", "exc_text": "Traceback (most recent call last):\n  File \"C:\\Users\\felji\\PycharmProjects\\Umi-OCR\\main.py\", line 110, in main\n    main(app_path=app_path, engineAddImportPath=\"\")\n  File \"C:\\Users\\felji\\PycharmProjects\\Umi-OCR\\src\\run.py\", line 170, in main\n    if not umi_about.init(app_path):  # 初始化版本信息，失败则结束运行\n  File \"C:\\Users\\felji\\PycharmProjects\\Umi-OCR\\src\\imports\\umi_about.py\", line 108, in init\n    _plat = sys.platform\nUnboundLocalError: local variable 'sys' referenced before assignment", "stack_info": "Stack (most recent call last):\n  File \"C:\\Users\\felji\\PycharmProjects\\Umi-OCR\\main.py\", line 130, in <module>\n    main()\n  File \"C:\\Users\\felji\\PycharmProjects\\Umi-OCR\\main.py\", line 120, in main\n    logger.critical(", "thread": 179284, "threadName": "MainThread", "process": 205004, "processName": "MainProcess", "name": "Umi-OCR"}
{"time": "2026-01-24 17:22:37.132252", "level": "CRITICAL", "message": "Failed to startup main program!", "filename": "main.py", "lineno": 120, "module": "main", "funcName": "main", "exc_text": "Traceback (most recent call last):\n  File \"C:\\Users\\felji\\PycharmProjects\\Umi-OCR\\main.py\", line 110, in main\n    main(app_path=app_path, engineAddImportPath=\"\")\n  File \"C:\\Users\\felji\\PycharmProjects\\Umi-OCR\\src\\run.py\", line 170, in main\n    if not umi_about.init(app_path):  # 初始化版本信息，失败则结束运行\n  File \"C:\\Users\\felji\\PycharmProjects\\Umi-OCR\\src\\imports\\umi_about.py\", line 108, in init\n    _plat = sys.platform\nUnboundLocalError: local variable 'sys' referenced before assignment", "stack_info": "Stack (most recent call last):\n  File \"C:\\Users\\felji\\PycharmProjects\\Umi-OCR\\main.py\", line 130, in <module>\n    main()\n  File \"C:\\Users\\felji\\PycharmProjects\\Umi-OCR\\main.py\", line 120, in main\n    logger.critical(", "thread": 179284, "threadName": "MainThread", "process": 205004, "processName": "MainProcess", "name": "Umi-OCR"}
{"time": "2026-01-24 17:23:16.357989", "level": "CRITICAL", "message": "Failed to startup main program!", "filename": "main.py", "lineno": 120, "module": "main", "funcName": "main", "exc_text": "Traceback (most recent call last):\n  File \"C:\\Users\\felji\\PycharmProjects\\Umi-OCR\\main.py\", line 110, in main\n    main(app_path=app_path, engineAddImportPath=\"\")\n  File \"C:\\Users\\felji\\PycharmProjects\\Umi-OCR\\src\\run.py\", line 170, in main\n    if not umi_about.init(app_path):  # 初始化版本信息，失败则结束运行\n  File \"C:\\Users\\felji\\PycharmProjects\\Umi-OCR\\src\\imports\\umi_about.py\", line 108, in init\n    _plat = sys.platform\nUnboundLocalError: local variable 'sys' referenced before assignment", "stack_info": "Stack (most recent call last):\n  File \"C:\\Users\\felji\\PycharmProjects\\Umi-OCR\\main.py\", line 130, in <module>\n    main()\n  File \"C:\\Users\\felji\\PycharmProjects\\Umi-OCR\\main.py\", line 120, in main\n    logger.critical(", "thread": 155596, "threadName": "MainThread", "process": 80384, "processName": "MainProcess", "name": "Umi-OCR"}
{"time": "2026-01-24 17:23:16.357989", "level": "CRITICAL", "message": "Failed to startup main program!", "filename": "main.py", "lineno": 120, "module": "main", "funcName": "main", "exc_text": "Traceback (most recent call last):\n  File \"C:\\Users\\felji\\PycharmProjects\\Umi-OCR\\main.py\", line 110, in main\n    main(app_path=app_path, engineAddImportPath=\"\")\n  File \"C:\\Users\\felji\\PycharmProjects\\Umi-OCR\\src\\run.py\", line 170, in main\n    if not umi_about.init(app_path):  # 初始化版本信息，失败则结束运行\n  File \"C:\\Users\\felji\\PycharmProjects\\Umi-OCR\\src\\imports\\umi_about.py\", line 108, in init\n    _plat = sys.platform\nUnboundLocalError: local variable 'sys' referenced before assignment", "stack_info": "Stack (most recent call last):\n  File \"C:\\Users\\felji\\PycharmProjects\\Umi-OCR\\main.py\", line 130, in <module>\n    main()\n  File \"C:\\Users\\felji\\PycharmProjects\\Umi-OCR\\main.py\", line 120, in main\n    logger.critical(", "thread": 155596, "threadName": "MainThread", "process": 80384, "processName": "MainProcess", "name": "Umi-OCR"}
{"time": "2026-01-24 17:23:45.003694", "level": "CRITICAL", "message": "Failed to startup main program!", "filename": "main.py", "lineno": 120, "module": "main", "funcName": "main", "exc_text": "Traceback (most recent call last):\n  File \"C:\\Users\\felji\\PycharmProjects\\Umi-OCR\\main.py\", line 110, in main\n    main(app_path=app_path, engineAddImportPath=\"\")\n  File \"C:\\Users\\felji\\PycharmProjects\\Umi-OCR\\src\\run.py\", line 183, in main\n    runQml(engineAddImportPath)  # 启动qml\n  File \"C:\\Users\\felji\\PycharmProjects\\Umi-OCR\\src\\run.py\", line 96, in runQml\n    app_opengl.checkOpengl()\n  File \"C:\\Users\\felji\\PycharmProjects\\Umi-OCR\\src\\utils\\app_opengl.py\", line 39, in checkOpengl\n    os.MessageBox(msg, type_=\"warning\")\nAttributeError: module 'os' has no attribute 'MessageBox'", "stack_info": "Stack (most recent call last):\n  File \"C:\\Users\\felji\\PycharmProjects\\Umi-OCR\\main.py\", line 130, in <module>\n    main()\n  File \"C:\\Users\\felji\\PycharmProjects\\Umi-OCR\\main.py\", line 120, in main\n    logger.critical(", "thread": 50012, "threadName": "MainThread", "process": 52520, "processName": "MainProcess", "name": "Umi-OCR"}
{"time": "2026-01-24 17:23:45.003694", "level": "CRITICAL", "message": "Failed to startup main program!", "filename": "main.py", "lineno": 120, "module": "main", "funcName": "main", "exc_text": "Traceback (most recent call last):\n  File \"C:\\Users\\felji\\PycharmProjects\\Umi-OCR\\main.py\", line 110, in main\n    main(app_path=app_path, engineAddImportPath=\"\")\n  File \"C:\\Users\\felji\\PycharmProjects\\Umi-OCR\\src\\run.py\", line 183, in main\n    runQml(engineAddImportPath)  # 启动qml\n  File \"C:\\Users\\felji\\PycharmProjects\\Umi-OCR\\src\\run.py\", line 96, in runQml\n    app_opengl.checkOpengl()\n  File \"C:\\Users\\felji\\PycharmProjects\\Umi-OCR\\src\\utils\\app_opengl.py\", line 39, in checkOpengl\n    os.MessageBox(msg, type_=\"warning\")\nAttributeError: module 'os' has no attribute 'MessageBox'", "stack_info": "Stack (most recent call last):\n  File \"C:\\Users\\felji\\PycharmProjects\\Umi-OCR\\main.py\", line 130, in <module>\n    main()\n  File \"C:\\Users\\felji\\PycharmProjects\\Umi-OCR\\main.py\", line 120, in main\n    logger.critical(", "thread": 50012, "threadName": "MainThread", "process": 52520, "processName": "MainProcess", "name": "Umi-OCR"}
{"time": "2026-01-24 17:27:15.864449", "level": "CRITICAL", "message": "Failed to startup main program!", "filename": "main.py", "lineno": 120, "module": "main", "funcName": "main", "exc_text": "Traceback (most recent call last):\n  File \"C:\\Users\\felji\\PycharmProjects\\Umi-OCR\\main.py\", line 110, in main\n    main(app_path=app_path, engineAddImportPath=\"\")\n  File \"C:\\Users\\felji\\PycharmProjects\\Umi-OCR\\src\\run.py\", line 197, in main\n    runQml(engineAddImportPath)  # 启动qml\n  File \"C:\\Users\\felji\\PycharmProjects\\Umi-OCR\\src\\run.py\", line 120, in runQml\n    from .plugins_controller.plugins_connector import PluginsConnector  # 插件连接器\nModuleNotFoundError: No module named 'src.plugins_controller'", "stack_info": "Stack (most recent call last):\n  File \"C:\\Users\\felji\\PycharmProjects\\Umi-OCR\\main.py\", line 130, in <module>\n    main()\n  File \"C:\\Users\\felji\\PycharmProjects\\Umi-OCR\\main.py\", line 120, in main\n    logger.critical(", "thread": 219320, "threadName": "MainThread", "process": 214356, "processName": "MainProcess", "name": "Umi-OCR"}
{"time": "2026-01-24 17:27:15.864449", "level": "CRITICAL", "message": "Failed to startup main program!", "filename": "main.py", "lineno": 120, "module": "main", "funcName": "main", "exc_text": "Traceback (most recent call last):\n  File \"C:\\Users\\felji\\PycharmProjects\\Umi-OCR\\main.py\", line 110, in main\n    main(app_path=app_path, engineAddImportPath=\"\")\n  File \"C:\\Users\\felji\\PycharmProjects\\Umi-OCR\\src\\run.py\", line 197, in main\n    runQml(engineAddImportPath)  # 启动qml\n  File \"C:\\Users\\felji\\PycharmProjects\\Umi-OCR\\src\\run.py\", line 120, in runQml\n    from .plugins_controller.plugins_connector import PluginsConnector  # 插件连接器\nModuleNotFoundError: No module named 'src.plugins_controller'", "stack_info": "Stack (most recent call last):\n  File \"C:\\Users\\felji\\PycharmProjects\\Umi-OCR\\main.py\", line 130, in <module>\n    main()\n  File \"C:\\Users\\felji\\PycharmProjects\\Umi-OCR\\main.py\", line 120, in main\n    logger.critical(", "thread": 219320, "threadName": "MainThread", "process": 214356, "processName": "MainProcess", "name": "Umi-OCR"}
{"time": "2026-01-24 17:28:02.027739", "level": "CRITICAL", "message": "Failed to startup main program!", "filename": "main.py", "lineno": 120, "module": "main", "funcName": "main", "exc_text": "Traceback (most recent call last):\n  File \"C:\\Users\\felji\\PycharmProjects\\Umi-OCR\\main.py\", line 110, in main\n    main(app_path=app_path, engineAddImportPath=\"\")\n  File \"C:\\Users\\felji\\PycharmProjects\\Umi-OCR\\src\\run.py\", line 199, in main\n    runQml(engineAddImportPath)  # 启动qml\n  File \"C:\\Users\\felji\\PycharmProjects\\Umi-OCR\\src\\run.py\", line 146, in runQml\n    I18n.init(qtApp)\n  File \"C:\\Users\\felji\\PycharmProjects\\Umi-OCR\\src\\utils\\i18n_configs.py\", line 91, in init\n    self._getLangPath()\n  File \"C:\\Users\\felji\\PycharmProjects\\Umi-OCR\\src\\utils\\i18n_configs.py\", line 126, in _getLangPath\n    for file in os.listdir(I18nDir):\nFileNotFoundError: [WinError 3] 系统找不到指定的路径。: 'i18n'", "stack_info": "Stack (most recent call last):\n  File \"C:\\Users\\felji\\PycharmProjects\\Umi-OCR\\main.py\", line 130, in <module>\n    main()\n  File \"C:\\Users\\felji\\PycharmProjects\\Umi-OCR\\main.py\", line 120, in main\n    logger.critical(", "thread": 107248, "threadName": "MainThread", "process": 130128, "processName": "MainProcess", "name": "Umi-OCR"}
{"time": "2026-01-24 17:28:02.027739", "level": "CRITICAL", "message": "Failed to startup main program!", "filename": "main.py", "lineno": 120, "module": "main", "funcName": "main", "exc_text": "Traceback (most recent call last):\n  File \"C:\\Users\\felji\\PycharmProjects\\Umi-OCR\\main.py\", line 110, in main\n    main(app_path=app_path, engineAddImportPath=\"\")\n  File \"C:\\Users\\felji\\PycharmProjects\\Umi-OCR\\src\\run.py\", line 199, in main\n    runQml(engineAddImportPath)  # 启动qml\n  File \"C:\\Users\\felji\\PycharmProjects\\Umi-OCR\\src\\run.py\", line 146, in runQml\n    I18n.init(qtApp)\n  File \"C:\\Users\\felji\\PycharmProjects\\Umi-OCR\\src\\utils\\i18n_configs.py\", line 91, in init\n    self._getLangPath()\n  File \"C:\\Users\\felji\\PycharmProjects\\Umi-OCR\\src\\utils\\i18n_configs.py\", line 126, in _getLangPath\n    for file in os.listdir(I18nDir):\nFileNotFoundError: [WinError 3] 系统找不到指定的路径。: 'i18n'", "stack_info": "Stack (most recent call last):\n  File \"C:\\Users\\felji\\PycharmProjects\\Umi-OCR\\main.py\", line 130, in <module>\n    main()\n  File \"C:\\Users\\felji\\PycharmProjects\\Umi-OCR\\main.py\", line 120, in main\n    logger.critical(", "thread": 107248, "threadName": "MainThread", "process": 130128, "processName": "MainProcess", "name": "Umi-OCR"}
{"time": "2026-01-24 22:44:55.375839", "level": "ERROR", "message": "Failed to import PaddleOCR engine: No module named 'src.ocr.api.paddleocr_direct'", "filename": "__init__.py", "lineno": 24, "module": "__init__", "funcName": "initBuiltInOcr", "exc_text": "Traceback (most recent call last):\n  File \"C:\\Users\\felji\\PycharmProjects\\Umi-OCR\\src\\ocr\\api\\__init__.py\", line 22, in initBuiltInOcr\n    from .paddleocr_direct import PaddleOCREngine\nModuleNotFoundError: No module named 'src.ocr.api.paddleocr_direct'", "stack_info": null, "thread": 105864, "threadName": "Dummy-6", "process": 200888, "processName": "MainProcess", "name": "Umi-OCR"}
{"time": "2026-01-24 22:44:55.376839", "level": "ERROR", "message": "MissionOCR: Failed to initialize built-in PaddleOCR: [Error] \"paddleocr_native\" not in ApiDict.", "filename": "mission_ocr.py", "lineno": 76, "module": "mission_ocr", "funcName": "msnPreTask", "exc_text": null, "stack_info": null, "thread": 105864, "threadName": "Dummy-6", "process": 200888, "processName": "MainProcess", "name": "Umi-OCR"}
{"time": "2026-01-24 23:55:44.974123", "level": "CRITICAL", "message": "Failed to startup main program!", "filename": "main.py", "lineno": 117, "module": "main", "funcName": "main", "exc_text": "Traceback (most recent call last):\n  File \"C:\\Users\\felji\\PycharmProjects\\Umi-OCR\\main.py\", line 96, in main\n    initRuntimeEnvironment()\n    ~~~~~~~~~~~~~~~~~~~~~~^^\n  File \"C:\\Users\\felji\\PycharmProjects\\Umi-OCR\\main.py\", line 81, in initRuntimeEnvironment\n    from PySide6.QtCore import Qt\nModuleNotFoundError: No module named 'PySide6'", "stack_info": "Stack (most recent call last):\n  File \"C:\\Users\\felji\\PycharmProjects\\Umi-OCR\\main.py\", line 127, in <module>\n    main()\n  File \"C:\\Users\\felji\\PycharmProjects\\Umi-OCR\\main.py\", line 117, in main\n    logger.critical(", "thread": 179640, "threadName": "MainThread", "process": 186712, "processName": "MainProcess", "name": "Umi-OCR"}
